<?xml version="1.0" encoding="UTF-8"?>
<!-- Generated by org.testng.reporters.JUnitXMLReporter -->
<testsuite hostname="W10x64" ignored="0" name="Default test" tests="3" failures="0" timestamp="2021-09-17T14:40:54 IST" time="0.068" errors="0">
  <testcase name="goToHomePage" time="0.006" classname="com.testNG.crm.FirstBathTest"/>
  <testcase name="loginToApp" time="0.002" classname="com.testNG.crm.FirstBathTest"/>
  <testcase name="logoutFromApp" time="0.001" classname="com.testNG.crm.FirstBathTest"/>
</testsuite> <!-- Default test -->
