<?xml version="1.0" encoding="UTF-8"?>
<!-- Generated by org.testng.reporters.JUnitXMLReporter -->
<testsuite hostname="W10x64" ignored="0" name="Test" tests="3" failures="0" timestamp="2021-09-17T14:40:05 IST" time="0.065" errors="0">
  <testcase name="goToHomePage" time="0.007" classname="com.testNG.crm.SecondBathTest"/>
  <testcase name="signoutoutFromApp" time="0.002" classname="com.testNG.crm.SecondBathTest"/>
  <testcase name="signupToApp" time="0.0" classname="com.testNG.crm.SecondBathTest"/>
</testsuite> <!-- Test -->
