<?xml version="1.0" encoding="UTF-8"?>
<!-- Generated by org.testng.reporters.JUnitXMLReporter -->
<testsuite ignored="0" hostname="W10x64" failures="0" tests="4" name="Test" time="0.02" errors="0" timestamp="2021-09-10T13:56:07 IST">
  <testcase classname="com.prctice.crm.Practice1" name="regression" time="0.002"/>
  <testcase classname="com.prctice.crm.Practice1" name="smoke" time="0.001"/>
  <testcase classname="com.prctice.crm.Practice2" name="regression2" time="0.002"/>
  <testcase classname="com.prctice.crm.Practice2" name="smoke2" time="0.002"/>
</testsuite> <!-- Test -->
