<?xml version="1.0" encoding="UTF-8"?>
<!-- Generated by org.testng.reporters.JUnitXMLReporter -->
<testsuite ignored="0" hostname="W10x64" failures="0" tests="6" name="FunctionalityTest" time="0.086" errors="0" timestamp="2021-09-10T13:56:07 IST">
  <testcase classname="com.testNG.crm.FirstBathTest" name="goToHomePage" time="0.01"/>
  <testcase classname="com.testNG.crm.FirstBathTest" name="loginToApp" time="0.001"/>
  <testcase classname="com.testNG.crm.FirstBathTest" name="logoutFromApp" time="0.001"/>
  <testcase classname="com.testNG.crm.SecondBathTest" name="goToHomePage" time="0.001"/>
  <testcase classname="com.testNG.crm.SecondBathTest" name="signoutoutFromApp" time="0.006"/>
  <testcase classname="com.testNG.crm.SecondBathTest" name="signupToApp" time="0.002"/>
</testsuite> <!-- FunctionalityTest -->
