<?xml version="1.0" encoding="UTF-8"?>
<!-- Generated by org.testng.reporters.JUnitXMLReporter -->
<testsuite ignored="0" hostname="W10x64" failures="0" tests="3" name="Test" time="0.13" errors="0" timestamp="2021-09-11T11:30:11 IST">
  <testcase classname="com.testNG.crm.FirstBathTest" name="goToHomePage" time="0.013"/>
  <testcase classname="com.testNG.crm.FirstBathTest" name="loginToApp" time="0.002"/>
  <testcase classname="com.testNG.crm.FirstBathTest" name="logoutFromApp" time="0.028"/>
</testsuite> <!-- Test -->
